<?xml version="1.0" encoding="UTF-8"?>
<coverage generated="1726819537299" clover="3.2.0">
  <project timestamp="1726819537299" name="All files">
    <metrics statements="23" coveredstatements="23" conditionals="5" coveredconditionals="5" methods="10" coveredmethods="10" elements="38" coveredelements="38" complexity="0" loc="23" ncloc="23" packages="3" files="3" classes="3"/>
    <package name="components">
      <metrics statements="3" coveredstatements="3" conditionals="0" coveredconditionals="0" methods="2" coveredmethods="2"/>
      <file name="searchbox.tsx" path="/home/alsanyaz/Portfolio/robofriends/src/components/searchbox.tsx">
        <metrics statements="3" coveredstatements="3" conditionals="0" coveredconditionals="0" methods="2" coveredmethods="2"/>
        <line num="13" count="1" type="stmt"/>
        <line num="14" count="29" type="stmt"/>
        <line num="20" count="13" type="stmt"/>
      </file>
    </package>
    <package name="containers">
      <metrics statements="16" coveredstatements="16" conditionals="2" coveredconditionals="2" methods="6" coveredmethods="6"/>
      <file name="App.tsx" path="/home/alsanyaz/Portfolio/robofriends/src/containers/App.tsx">
        <metrics statements="16" coveredstatements="16" conditionals="2" coveredconditionals="2" methods="6" coveredmethods="6"/>
        <line num="14" count="1" type="stmt"/>
        <line num="17" count="31" type="stmt"/>
        <line num="18" count="31" type="stmt"/>
        <line num="19" count="31" type="stmt"/>
        <line num="23" count="31" type="stmt"/>
        <line num="25" count="31" type="stmt"/>
        <line num="26" count="13" type="stmt"/>
        <line num="30" count="31" type="stmt"/>
        <line num="31" count="1" type="stmt"/>
        <line num="34" count="31" type="stmt"/>
        <line num="35" count="3" type="stmt"/>
        <line num="39" count="31" type="stmt"/>
        <line num="40" count="14" type="stmt"/>
        <line num="41" count="130" type="stmt"/>
        <line num="44" count="14" type="stmt"/>
        <line num="48" count="31" type="stmt"/>
      </file>
    </package>
    <package name="utils">
      <metrics statements="4" coveredstatements="4" conditionals="3" coveredconditionals="3" methods="2" coveredmethods="2"/>
      <file name="test-utils.tsx" path="/home/alsanyaz/Portfolio/robofriends/src/utils/test-utils.tsx">
        <metrics statements="4" coveredstatements="4" conditionals="3" coveredconditionals="3" methods="2" coveredmethods="2"/>
        <line num="12" count="1" type="stmt"/>
        <line num="22" count="1" type="stmt"/>
        <line num="23" count="1" type="stmt"/>
        <line num="26" count="1" type="stmt"/>
      </file>
    </package>
  </project>
</coverage>
