<?xml version="1.0" encoding="UTF-8"?>
<coverage generated="1726758019889" clover="3.2.0">
  <project timestamp="1726758019889" name="All files">
    <metrics statements="26" coveredstatements="26" conditionals="5" coveredconditionals="5" methods="11" coveredmethods="11" elements="42" coveredelements="42" complexity="0" loc="26" ncloc="26" packages="3" files="5" classes="5"/>
    <package name="components">
      <metrics statements="5" coveredstatements="5" conditionals="0" coveredconditionals="0" methods="3" coveredmethods="3"/>
      <file name="card.tsx" path="/home/alsanyaz/Portfolio/robofriends/src/components/card.tsx">
        <metrics statements="2" coveredstatements="2" conditionals="0" coveredconditionals="0" methods="1" coveredmethods="1"/>
        <line num="4" count="3" type="stmt"/>
        <line num="6" count="70" type="stmt"/>
      </file>
      <file name="searchbox.tsx" path="/home/alsanyaz/Portfolio/robofriends/src/components/searchbox.tsx">
        <metrics statements="3" coveredstatements="3" conditionals="0" coveredconditionals="0" methods="2" coveredmethods="2"/>
        <line num="13" count="2" type="stmt"/>
        <line num="14" count="30" type="stmt"/>
        <line num="20" count="13" type="stmt"/>
      </file>
    </package>
    <package name="containers">
      <metrics statements="16" coveredstatements="16" conditionals="2" coveredconditionals="2" methods="6" coveredmethods="6"/>
      <file name="App.tsx" path="/home/alsanyaz/Portfolio/robofriends/src/containers/App.tsx">
        <metrics statements="16" coveredstatements="16" conditionals="2" coveredconditionals="2" methods="6" coveredmethods="6"/>
        <line num="14" count="2" type="stmt"/>
        <line num="17" count="34" type="stmt"/>
        <line num="18" count="34" type="stmt"/>
        <line num="19" count="34" type="stmt"/>
        <line num="23" count="34" type="stmt"/>
        <line num="25" count="34" type="stmt"/>
        <line num="26" count="13" type="stmt"/>
        <line num="30" count="34" type="stmt"/>
        <line num="31" count="2" type="stmt"/>
        <line num="34" count="34" type="stmt"/>
        <line num="35" count="5" type="stmt"/>
        <line num="39" count="34" type="stmt"/>
        <line num="40" count="15" type="stmt"/>
        <line num="41" count="130" type="stmt"/>
        <line num="44" count="15" type="stmt"/>
        <line num="48" count="34" type="stmt"/>
      </file>
    </package>
    <package name="utils">
      <metrics statements="5" coveredstatements="5" conditionals="3" coveredconditionals="3" methods="2" coveredmethods="2"/>
      <file name="dummy.data.ts" path="/home/alsanyaz/Portfolio/robofriends/src/utils/dummy.data.ts">
        <metrics statements="1" coveredstatements="1" conditionals="0" coveredconditionals="0" methods="0" coveredmethods="0"/>
        <line num="1" count="1" type="stmt"/>
      </file>
      <file name="test-utils.tsx" path="/home/alsanyaz/Portfolio/robofriends/src/utils/test-utils.tsx">
        <metrics statements="4" coveredstatements="4" conditionals="3" coveredconditionals="3" methods="2" coveredmethods="2"/>
        <line num="12" count="2" type="stmt"/>
        <line num="22" count="2" type="stmt"/>
        <line num="23" count="2" type="stmt"/>
        <line num="26" count="2" type="stmt"/>
      </file>
    </package>
  </project>
</coverage>
