{"/home/alsanyaz/Portfolio/robofriends/src/components/searchbox.tsx": {"path":"/home/alsanyaz/Portfolio/robofriends/src/components/searchbox.tsx","statementMap":{"0":{"start":{"line":13,"column":18},"end":{"line":23,"column":1}},"1":{"start":{"line":14,"column":4},"end":{"line":22,"column":6}},"2":{"start":{"line":20,"column":29},"end":{"line":20,"column":44}}},"fnMap":{"0":{"name":"(anonymous_0)","decl":{"start":{"line":13,"column":18},"end":{"line":13,"column":19}},"loc":{"start":{"line":13,"column":57},"end":{"line":23,"column":1}},"line":13},"1":{"name":"(anonymous_1)","decl":{"start":{"line":20,"column":22},"end":{"line":20,"column":23}},"loc":{"start":{"line":20,"column":29},"end":{"line":20,"column":44}},"line":20}},"branchMap":{},"s":{"0":2,"1":2,"2":13},"f":{"0":2,"1":13},"b":{},"_coverageSchema":"1a1c01bbd47fc00a2c39e90264f33305004495a9","hash":"a706c4e3ba90affd2c17c8153d20c60df483990f"}
,"/home/alsanyaz/Portfolio/robofriends/src/containers/App.tsx": {"path":"/home/alsanyaz/Portfolio/robofriends/src/containers/App.tsx","statementMap":{"0":{"start":{"line":15,"column":12},"end":{"line":58,"column":1}},"1":{"start":{"line":18,"column":41},"end":{"line":18,"column":68}},"2":{"start":{"line":19,"column":48},"end":{"line":19,"column":78}},"3":{"start":{"line":23,"column":34},"end":{"line":23,"column":47}},"4":{"start":{"line":25,"column":27},"end":{"line":33,"column":5}},"5":{"start":{"line":26,"column":8},"end":{"line":26,"column":50}},"6":{"start":{"line":28,"column":31},"end":{"line":30,"column":10}},"7":{"start":{"line":29,"column":12},"end":{"line":29,"column":87}},"8":{"start":{"line":32,"column":8},"end":{"line":32,"column":42}},"9":{"start":{"line":36,"column":4},"end":{"line":38,"column":11}},"10":{"start":{"line":37,"column":8},"end":{"line":37,"column":78}},"11":{"start":{"line":40,"column":4},"end":{"line":42,"column":20}},"12":{"start":{"line":41,"column":8},"end":{"line":41,"column":34}},"13":{"start":{"line":44,"column":4},"end":{"line":57,"column":5}}},"fnMap":{"0":{"name":"(anonymous_0)","decl":{"start":{"line":15,"column":12},"end":{"line":15,"column":13}},"loc":{"start":{"line":15,"column":18},"end":{"line":58,"column":1}},"line":15},"1":{"name":"(anonymous_1)","decl":{"start":{"line":25,"column":27},"end":{"line":25,"column":28}},"loc":{"start":{"line":25,"column":81},"end":{"line":33,"column":5}},"line":25},"2":{"name":"(anonymous_2)","decl":{"start":{"line":28,"column":45},"end":{"line":28,"column":46}},"loc":{"start":{"line":28,"column":68},"end":{"line":30,"column":9}},"line":28},"3":{"name":"(anonymous_3)","decl":{"start":{"line":36,"column":14},"end":{"line":36,"column":15}},"loc":{"start":{"line":36,"column":20},"end":{"line":38,"column":5}},"line":36},"4":{"name":"(anonymous_4)","decl":{"start":{"line":40,"column":14},"end":{"line":40,"column":15}},"loc":{"start":{"line":40,"column":20},"end":{"line":42,"column":5}},"line":40}},"branchMap":{"0":{"loc":{"start":{"line":45,"column":8},"end":{"line":56,"column":14}},"type":"cond-expr","locations":[{"start":{"line":46,"column":8},"end":{"line":46,"column":24}},{"start":{"line":47,"column":8},"end":{"line":56,"column":14}}],"line":45}},"s":{"0":1,"1":3,"2":3,"3":3,"4":3,"5":0,"6":0,"7":0,"8":0,"9":3,"10":1,"11":3,"12":2,"13":3},"f":{"0":3,"1":0,"2":0,"3":1,"4":2},"b":{"0":[2,1]},"_coverageSchema":"1a1c01bbd47fc00a2c39e90264f33305004495a9","hash":"4271e01a919a7034ea2d1d70ae23459d8bafed4a"}
,"/home/alsanyaz/Portfolio/robofriends/src/store/request-robots.tsx": {"path":"/home/alsanyaz/Portfolio/robofriends/src/store/request-robots.tsx","statementMap":{"0":{"start":{"line":11,"column":29},"end":{"line":19,"column":1}},"1":{"start":{"line":14,"column":25},"end":{"line":15,"column":34}},"2":{"start":{"line":15,"column":22},"end":{"line":15,"column":33}},"3":{"start":{"line":17,"column":8},"end":{"line":17,"column":40}},"4":{"start":{"line":28,"column":21},"end":{"line":32,"column":16}},"5":{"start":{"line":35,"column":27},"end":{"line":57,"column":2}},"6":{"start":{"line":40,"column":12},"end":{"line":40,"column":42}},"7":{"start":{"line":44,"column":8},"end":{"line":55,"column":14}},"8":{"start":{"line":46,"column":16},"end":{"line":46,"column":39}},"9":{"start":{"line":49,"column":16},"end":{"line":49,"column":40}},"10":{"start":{"line":50,"column":16},"end":{"line":50,"column":46}},"11":{"start":{"line":53,"column":16},"end":{"line":53,"column":79}},"12":{"start":{"line":54,"column":16},"end":{"line":54,"column":40}},"13":{"start":{"line":60,"column":29},"end":{"line":60,"column":55}}},"fnMap":{"0":{"name":"(anonymous_0)","decl":{"start":{"line":13,"column":4},"end":{"line":13,"column":5}},"loc":{"start":{"line":13,"column":27},"end":{"line":18,"column":5}},"line":13},"1":{"name":"(anonymous_1)","decl":{"start":{"line":15,"column":14},"end":{"line":15,"column":15}},"loc":{"start":{"line":15,"column":22},"end":{"line":15,"column":33}},"line":15},"2":{"name":"(anonymous_2)","decl":{"start":{"line":39,"column":19},"end":{"line":39,"column":20}},"loc":{"start":{"line":39,"column":38},"end":{"line":41,"column":9}},"line":39},"3":{"name":"(anonymous_3)","decl":{"start":{"line":43,"column":4},"end":{"line":43,"column":5}},"loc":{"start":{"line":43,"column":27},"end":{"line":56,"column":5}},"line":43},"4":{"name":"(anonymous_4)","decl":{"start":{"line":45,"column":44},"end":{"line":45,"column":45}},"loc":{"start":{"line":45,"column":63},"end":{"line":47,"column":13}},"line":45},"5":{"name":"(anonymous_5)","decl":{"start":{"line":48,"column":46},"end":{"line":48,"column":47}},"loc":{"start":{"line":48,"column":65},"end":{"line":51,"column":13}},"line":48},"6":{"name":"(anonymous_6)","decl":{"start":{"line":52,"column":45},"end":{"line":52,"column":46}},"loc":{"start":{"line":52,"column":64},"end":{"line":55,"column":13}},"line":52}},"branchMap":{"0":{"loc":{"start":{"line":53,"column":30},"end":{"line":53,"column":78}},"type":"cond-expr","locations":[{"start":{"line":53,"column":49},"end":{"line":53,"column":63}},{"start":{"line":53,"column":66},"end":{"line":53,"column":78}}],"line":53}},"s":{"0":1,"1":1,"2":0,"3":0,"4":1,"5":1,"6":0,"7":1,"8":1,"9":0,"10":0,"11":0,"12":0,"13":1},"f":{"0":1,"1":0,"2":0,"3":1,"4":1,"5":0,"6":0},"b":{"0":[0,0]},"_coverageSchema":"1a1c01bbd47fc00a2c39e90264f33305004495a9","hash":"bab43ce457491d0c3438c9d40b7b27109de9566f"}
,"/home/alsanyaz/Portfolio/robofriends/src/store/robot-slice.tsx": {"path":"/home/alsanyaz/Portfolio/robofriends/src/store/robot-slice.tsx","statementMap":{"0":{"start":{"line":7,"column":21},"end":{"line":9,"column":18}},"1":{"start":{"line":11,"column":33},"end":{"line":19,"column":2}},"2":{"start":{"line":16,"column":12},"end":{"line":16,"column":47}},"3":{"start":{"line":22,"column":32},"end":{"line":22,"column":57}}},"fnMap":{"0":{"name":"(anonymous_0)","decl":{"start":{"line":15,"column":22},"end":{"line":15,"column":23}},"loc":{"start":{"line":15,"column":41},"end":{"line":17,"column":9}},"line":15}},"branchMap":{},"s":{"0":1,"1":1,"2":0,"3":1},"f":{"0":0},"b":{},"_coverageSchema":"1a1c01bbd47fc00a2c39e90264f33305004495a9","hash":"f5bffffb76019896aea8513bba3962b6031439e3"}
,"/home/alsanyaz/Portfolio/robofriends/src/store/selectors.ts": {"path":"/home/alsanyaz/Portfolio/robofriends/src/store/selectors.ts","statementMap":{"0":{"start":{"line":5,"column":30},"end":{"line":5,"column":79}},"1":{"start":{"line":5,"column":67},"end":{"line":5,"column":79}},"2":{"start":{"line":6,"column":30},"end":{"line":6,"column":77}},"3":{"start":{"line":6,"column":65},"end":{"line":6,"column":77}}},"fnMap":{"0":{"name":"(anonymous_0)","decl":{"start":{"line":5,"column":30},"end":{"line":5,"column":31}},"loc":{"start":{"line":5,"column":67},"end":{"line":5,"column":79}},"line":5},"1":{"name":"(anonymous_1)","decl":{"start":{"line":6,"column":30},"end":{"line":6,"column":31}},"loc":{"start":{"line":6,"column":65},"end":{"line":6,"column":77}},"line":6}},"branchMap":{},"s":{"0":1,"1":0,"2":1,"3":2},"f":{"0":0,"1":2},"b":{},"_coverageSchema":"1a1c01bbd47fc00a2c39e90264f33305004495a9","hash":"4ab4c737cbc4e1da1e51eb152b2f1f9dc5f7dc28"}
,"/home/alsanyaz/Portfolio/robofriends/src/utils/dummy.data.ts": {"path":"/home/alsanyaz/Portfolio/robofriends/src/utils/dummy.data.ts","statementMap":{"0":{"start":{"line":1,"column":24},"end":{"line":5,"column":1}},"1":{"start":{"line":7,"column":24},"end":{"line":18,"column":1}}},"fnMap":{},"branchMap":{},"s":{"0":2,"1":2},"f":{},"b":{},"_coverageSchema":"1a1c01bbd47fc00a2c39e90264f33305004495a9","hash":"4504c191d366f20abd9dfe80f6afb561ce2eb59b"}
,"/home/alsanyaz/Portfolio/robofriends/src/utils/test-utils.tsx": {"path":"/home/alsanyaz/Portfolio/robofriends/src/utils/test-utils.tsx","statementMap":{"0":{"start":{"line":12,"column":28},"end":{"line":27,"column":1}},"1":{"start":{"line":22,"column":20},"end":{"line":24,"column":5}},"2":{"start":{"line":23,"column":8},"end":{"line":23,"column":61}},"3":{"start":{"line":26,"column":4},"end":{"line":26,"column":74}}},"fnMap":{"0":{"name":"(anonymous_0)","decl":{"start":{"line":12,"column":28},"end":{"line":12,"column":29}},"loc":{"start":{"line":20,"column":5},"end":{"line":27,"column":1}},"line":20},"1":{"name":"(anonymous_1)","decl":{"start":{"line":22,"column":20},"end":{"line":22,"column":21}},"loc":{"start":{"line":22,"column":74},"end":{"line":24,"column":5}},"line":22}},"branchMap":{"0":{"loc":{"start":{"line":14,"column":4},"end":{"line":19,"column":33}},"type":"default-arg","locations":[{"start":{"line":19,"column":31},"end":{"line":19,"column":33}}],"line":14},"1":{"loc":{"start":{"line":15,"column":8},"end":{"line":15,"column":27}},"type":"default-arg","locations":[{"start":{"line":15,"column":25},"end":{"line":15,"column":27}}],"line":15},"2":{"loc":{"start":{"line":17,"column":8},"end":{"line":17,"column":42}},"type":"default-arg","locations":[{"start":{"line":17,"column":16},"end":{"line":17,"column":42}}],"line":17}},"s":{"0":1,"1":1,"2":1,"3":1},"f":{"0":1,"1":1},"b":{"0":[1],"1":[1],"2":[1]},"_coverageSchema":"1a1c01bbd47fc00a2c39e90264f33305004495a9","hash":"b8574f47b7812e954afa354acab5c6f798015829"}
}
