{"/home/alsanyaz/Portfolio/robofriends/src/components/searchbox.tsx": {"path":"/home/alsanyaz/Portfolio/robofriends/src/components/searchbox.tsx","statementMap":{"0":{"start":{"line":13,"column":18},"end":{"line":23,"column":1}},"1":{"start":{"line":14,"column":4},"end":{"line":22,"column":6}},"2":{"start":{"line":20,"column":29},"end":{"line":20,"column":44}}},"fnMap":{"0":{"name":"(anonymous_0)","decl":{"start":{"line":13,"column":18},"end":{"line":13,"column":19}},"loc":{"start":{"line":13,"column":57},"end":{"line":23,"column":1}},"line":13},"1":{"name":"(anonymous_1)","decl":{"start":{"line":20,"column":22},"end":{"line":20,"column":23}},"loc":{"start":{"line":20,"column":29},"end":{"line":20,"column":44}},"line":20}},"branchMap":{},"s":{"0":1,"1":29,"2":13},"f":{"0":29,"1":13},"b":{},"_coverageSchema":"1a1c01bbd47fc00a2c39e90264f33305004495a9","hash":"a706c4e3ba90affd2c17c8153d20c60df483990f"}
,"/home/alsanyaz/Portfolio/robofriends/src/containers/App.tsx": {"path":"/home/alsanyaz/Portfolio/robofriends/src/containers/App.tsx","statementMap":{"0":{"start":{"line":14,"column":12},"end":{"line":61,"column":1}},"1":{"start":{"line":17,"column":41},"end":{"line":17,"column":68}},"2":{"start":{"line":18,"column":28},"end":{"line":18,"column":55}},"3":{"start":{"line":19,"column":48},"end":{"line":19,"column":78}},"4":{"start":{"line":23,"column":34},"end":{"line":23,"column":47}},"5":{"start":{"line":25,"column":27},"end":{"line":27,"column":5}},"6":{"start":{"line":26,"column":8},"end":{"line":26,"column":50}},"7":{"start":{"line":30,"column":4},"end":{"line":32,"column":11}},"8":{"start":{"line":31,"column":8},"end":{"line":31,"column":78}},"9":{"start":{"line":34,"column":4},"end":{"line":36,"column":20}},"10":{"start":{"line":35,"column":8},"end":{"line":35,"column":34}},"11":{"start":{"line":39,"column":4},"end":{"line":46,"column":21}},"12":{"start":{"line":40,"column":31},"end":{"line":42,"column":10}},"13":{"start":{"line":41,"column":12},"end":{"line":41,"column":80}},"14":{"start":{"line":44,"column":8},"end":{"line":44,"column":42}},"15":{"start":{"line":48,"column":4},"end":{"line":60,"column":5}}},"fnMap":{"0":{"name":"(anonymous_0)","decl":{"start":{"line":14,"column":12},"end":{"line":14,"column":13}},"loc":{"start":{"line":14,"column":18},"end":{"line":61,"column":1}},"line":14},"1":{"name":"(anonymous_1)","decl":{"start":{"line":25,"column":27},"end":{"line":25,"column":28}},"loc":{"start":{"line":25,"column":81},"end":{"line":27,"column":5}},"line":25},"2":{"name":"(anonymous_2)","decl":{"start":{"line":30,"column":14},"end":{"line":30,"column":15}},"loc":{"start":{"line":30,"column":20},"end":{"line":32,"column":5}},"line":30},"3":{"name":"(anonymous_3)","decl":{"start":{"line":34,"column":14},"end":{"line":34,"column":15}},"loc":{"start":{"line":34,"column":20},"end":{"line":36,"column":5}},"line":34},"4":{"name":"(anonymous_4)","decl":{"start":{"line":39,"column":14},"end":{"line":39,"column":15}},"loc":{"start":{"line":39,"column":20},"end":{"line":46,"column":5}},"line":39},"5":{"name":"(anonymous_5)","decl":{"start":{"line":40,"column":45},"end":{"line":40,"column":46}},"loc":{"start":{"line":40,"column":68},"end":{"line":42,"column":9}},"line":40}},"branchMap":{"0":{"loc":{"start":{"line":49,"column":8},"end":{"line":59,"column":14}},"type":"cond-expr","locations":[{"start":{"line":50,"column":8},"end":{"line":50,"column":24}},{"start":{"line":51,"column":8},"end":{"line":59,"column":14}}],"line":49}},"s":{"0":1,"1":31,"2":31,"3":31,"4":31,"5":31,"6":13,"7":31,"8":1,"9":31,"10":3,"11":31,"12":14,"13":130,"14":14,"15":31},"f":{"0":31,"1":13,"2":1,"3":3,"4":14,"5":130},"b":{"0":[2,29]},"_coverageSchema":"1a1c01bbd47fc00a2c39e90264f33305004495a9","hash":"f6379a1eb5de54c6a9ec6b81fba2a43837e2aab6"}
,"/home/alsanyaz/Portfolio/robofriends/src/utils/test-utils.tsx": {"path":"/home/alsanyaz/Portfolio/robofriends/src/utils/test-utils.tsx","statementMap":{"0":{"start":{"line":12,"column":28},"end":{"line":27,"column":1}},"1":{"start":{"line":22,"column":20},"end":{"line":24,"column":5}},"2":{"start":{"line":23,"column":8},"end":{"line":23,"column":61}},"3":{"start":{"line":26,"column":4},"end":{"line":26,"column":74}}},"fnMap":{"0":{"name":"(anonymous_0)","decl":{"start":{"line":12,"column":28},"end":{"line":12,"column":29}},"loc":{"start":{"line":20,"column":5},"end":{"line":27,"column":1}},"line":20},"1":{"name":"(anonymous_1)","decl":{"start":{"line":22,"column":20},"end":{"line":22,"column":21}},"loc":{"start":{"line":22,"column":74},"end":{"line":24,"column":5}},"line":22}},"branchMap":{"0":{"loc":{"start":{"line":14,"column":4},"end":{"line":19,"column":33}},"type":"default-arg","locations":[{"start":{"line":19,"column":31},"end":{"line":19,"column":33}}],"line":14},"1":{"loc":{"start":{"line":15,"column":8},"end":{"line":15,"column":27}},"type":"default-arg","locations":[{"start":{"line":15,"column":25},"end":{"line":15,"column":27}}],"line":15},"2":{"loc":{"start":{"line":17,"column":8},"end":{"line":17,"column":42}},"type":"default-arg","locations":[{"start":{"line":17,"column":16},"end":{"line":17,"column":42}}],"line":17}},"s":{"0":1,"1":1,"2":1,"3":1},"f":{"0":1,"1":1},"b":{"0":[1],"1":[1],"2":[1]},"_coverageSchema":"1a1c01bbd47fc00a2c39e90264f33305004495a9","hash":"b8574f47b7812e954afa354acab5c6f798015829"}
}
