TN:
SF:src/components/searchbox.tsx
FN:13,(anonymous_0)
FN:20,(anonymous_1)
FNF:2
FNH:2
FNDA:2,(anonymous_0)
FNDA:13,(anonymous_1)
DA:13,2
DA:14,2
DA:20,13
LF:3
LH:3
BRF:0
BRH:0
end_of_record
TN:
SF:src/containers/App.tsx
FN:15,(anonymous_0)
FN:25,(anonymous_1)
FN:28,(anonymous_2)
FN:36,(anonymous_3)
FN:40,(anonymous_4)
FNF:5
FNH:3
FNDA:3,(anonymous_0)
FNDA:0,(anonymous_1)
FNDA:0,(anonymous_2)
FNDA:1,(anonymous_3)
FNDA:2,(anonymous_4)
DA:15,1
DA:18,3
DA:19,3
DA:23,3
DA:25,3
DA:26,0
DA:28,0
DA:29,0
DA:32,0
DA:36,3
DA:37,1
DA:40,3
DA:41,2
DA:44,3
LF:14
LH:10
BRDA:45,0,0,2
BRDA:45,0,1,1
BRF:2
BRH:2
end_of_record
TN:
SF:src/store/request-robots.tsx
FN:13,(anonymous_0)
FN:15,(anonymous_1)
FN:39,(anonymous_2)
FN:43,(anonymous_3)
FN:45,(anonymous_4)
FN:48,(anonymous_5)
FN:52,(anonymous_6)
FNF:7
FNH:3
FNDA:1,(anonymous_0)
FNDA:0,(anonymous_1)
FNDA:0,(anonymous_2)
FNDA:1,(anonymous_3)
FNDA:1,(anonymous_4)
FNDA:0,(anonymous_5)
FNDA:0,(anonymous_6)
DA:11,1
DA:14,1
DA:15,0
DA:17,0
DA:28,1
DA:35,1
DA:40,0
DA:44,1
DA:46,1
DA:49,0
DA:50,0
DA:53,0
DA:54,0
DA:60,1
LF:14
LH:7
BRDA:53,0,0,0
BRDA:53,0,1,0
BRF:2
BRH:0
end_of_record
TN:
SF:src/store/robot-slice.tsx
FN:15,(anonymous_0)
FNF:1
FNH:0
FNDA:0,(anonymous_0)
DA:7,1
DA:11,1
DA:16,0
DA:22,1
LF:4
LH:3
BRF:0
BRH:0
end_of_record
TN:
SF:src/store/selectors.ts
FN:5,(anonymous_0)
FN:6,(anonymous_1)
FNF:2
FNH:1
FNDA:0,(anonymous_0)
FNDA:2,(anonymous_1)
DA:5,1
DA:6,2
LF:2
LH:2
BRF:0
BRH:0
end_of_record
TN:
SF:src/utils/dummy.data.ts
FNF:0
FNH:0
DA:1,2
DA:7,2
LF:2
LH:2
BRF:0
BRH:0
end_of_record
TN:
SF:src/utils/test-utils.tsx
FN:12,(anonymous_0)
FN:22,(anonymous_1)
FNF:2
FNH:2
FNDA:1,(anonymous_0)
FNDA:1,(anonymous_1)
DA:12,1
DA:22,1
DA:23,1
DA:26,1
LF:4
LH:4
BRDA:14,0,0,1
BRDA:15,1,0,1
BRDA:17,2,0,1
BRF:3
BRH:3
end_of_record
