TN:
SF:src/components/card.tsx
FN:4,(anonymous_0)
FNF:1
FNH:1
FNDA:70,(anonymous_0)
DA:4,3
DA:6,70
LF:2
LH:2
BRF:0
BRH:0
end_of_record
TN:
SF:src/components/searchbox.tsx
FN:13,(anonymous_0)
FN:20,(anonymous_1)
FNF:2
FNH:2
FNDA:30,(anonymous_0)
FNDA:13,(anonymous_1)
DA:13,2
DA:14,30
DA:20,13
LF:3
LH:3
BRF:0
BRH:0
end_of_record
TN:
SF:src/containers/App.tsx
FN:14,(anonymous_0)
FN:25,(anonymous_1)
FN:30,(anonymous_2)
FN:34,(anonymous_3)
FN:39,(anonymous_4)
FN:40,(anonymous_5)
FNF:6
FNH:6
FNDA:34,(anonymous_0)
FNDA:13,(anonymous_1)
FNDA:2,(anonymous_2)
FNDA:5,(anonymous_3)
FNDA:15,(anonymous_4)
FNDA:130,(anonymous_5)
DA:14,2
DA:17,34
DA:18,34
DA:19,34
DA:23,34
DA:25,34
DA:26,13
DA:30,34
DA:31,2
DA:34,34
DA:35,5
DA:39,34
DA:40,15
DA:41,130
DA:44,15
DA:48,34
LF:16
LH:16
BRDA:49,0,0,4
BRDA:49,0,1,30
BRF:2
BRH:2
end_of_record
TN:
SF:src/utils/dummy.data.ts
FNF:0
FNH:0
DA:1,1
LF:1
LH:1
BRF:0
BRH:0
end_of_record
TN:
SF:src/utils/test-utils.tsx
FN:12,(anonymous_0)
FN:22,(anonymous_1)
FNF:2
FNH:2
FNDA:2,(anonymous_0)
FNDA:2,(anonymous_1)
DA:12,2
DA:22,2
DA:23,2
DA:26,2
LF:4
LH:4
BRDA:14,0,0,2
BRDA:15,1,0,2
BRDA:17,2,0,2
BRF:3
BRH:3
end_of_record
